EXPLAIN 

id|select_type|table            |partitions|type |possible_keys                                       |key                   |key_len|ref                           |rows|filtered|Extra                                       |
--+-----------+-----------------+----------+-----+----------------------------------------------------+----------------------+-------+------------------------------+----+--------+--------------------------------------------+
 1|PRIMARY    |<derived2>       |          |ALL  |                                                    |                      |       |                              |   2|   100.0|Using where; Using temporary; Using filesort|
 1|PRIMARY    |t1               |          |ref  |idx_parental_education,idx_test_prep,idx_gender_race|idx_parental_education|203    |t2.parental_level_of_education| 166|    35.8|Using where                                 |
 3|SUBQUERY   |study_performance|          |index|                                                    |idx_math_score        |5      |                              |1000|   100.0|Using index                                 |
 2|DERIVED    |study_performance|          |index|idx_parental_education                              |idx_parental_education|203    |                              |1000|   100.0|Using index; Using temporary; Using filesort|



EXPLAIN  ANALYZE                                                                                                                                                                                                                                                      |
---------------------------------------------------------------------------------------------------------------------------------------------------------------------------------------------------------------------------------------------------------------+
-> Sort: avg_math_score DESC, avg_reading_score DESC  (actual time=7.93..7.93 rows=10 loops=1)¶    -> Filter: (??? > (select #3))  (actual time=6.69..6.71 rows=10 loops=1)¶        -> Table scan on <temporary>  (actual time=5.56..5.57 rows=10 loops=1)¶    |

Отже, в цьому запиті загальний час приблизно 7–8 мс для запиту із 1000+ рядками.
Using temporary створює тимчасову таблицю в памʼяті або на диску для зберігання проміжних результатів. Це може сповільнити запит.
Using filesort не може скористатися індексом для ORDER BY, тому сортування виконується вручну.

